\BOOKMARK [1][-]{section.1}{\376\377\000I\000n\000t\000r\000o\000d\000u\000c\000t\000i\000o\000n}{}% 1
\BOOKMARK [2][-]{subsection.1.1}{\376\377\000T\000h\000e\000\040\000i\000m\000p\000o\000r\000t\000a\000n\000c\000e\000\040\000o\000f\000\040\000q\000u\000a\000n\000t\000u\000m\000\040\000i\000n\000f\000o\000r\000m\000a\000t\000i\000o\000n}{section.1}% 2
\BOOKMARK [2][-]{subsection.1.2}{\376\377\000T\000h\000e\000\040\000n\000e\000e\000d\000\040\000f\000o\000r\000\040\000q\000u\000a\000n\000t\000u\000m\000\040\000e\000r\000r\000o\000r\000\040\000c\000o\000r\000r\000e\000c\000t\000i\000o\000n}{section.1}% 3
\BOOKMARK [1][-]{section.2}{\376\377\000F\000r\000o\000m\000\040\000q\000u\000a\000n\000t\000u\000m\000\040\000p\000h\000y\000s\000i\000c\000s\000\040\000t\000o\000\040\000q\000u\000a\000n\000t\000u\000m\000\040\000i\000n\000f\000o\000r\000m\000a\000t\000i\000o\000n}{}% 4
\BOOKMARK [2][-]{subsection.2.1}{\376\377\000F\000o\000u\000n\000d\000a\000t\000i\000o\000n\000s\000\040\000o\000f\000\040\000q\000u\000a\000n\000t\000u\000m\000\040\000m\000e\000c\000h\000a\000n\000i\000c\000s}{section.2}% 5
\BOOKMARK [3][-]{subsubsection.2.1.1}{\376\377\000C\000i\000n\000e\000m\000a\000t\000i\000c\000\040\000a\000x\000i\000o\000m\000s}{subsection.2.1}% 6
\BOOKMARK [3][-]{subsubsection.2.1.2}{\376\377\000D\000y\000n\000a\000m\000i\000c\000\040\000a\000x\000i\000o\000m\000s}{subsection.2.1}% 7
\BOOKMARK [2][-]{subsection.2.2}{\376\377\000Q\000u\000b\000i\000t\000s}{section.2}% 8
\BOOKMARK [2][-]{subsection.2.3}{\376\377\000Q\000u\000b\000i\000t\000\040\000r\000e\000p\000r\000e\000s\000e\000n\000t\000a\000t\000i\000o\000n\000s\000\040\000a\000n\000d\000\040\000P\000r\000o\000b\000a\000b\000i\000l\000i\000t\000y\000\040\000a\000m\000p\000l\000i\000t\000u\000d\000e\000s}{section.2}% 9
\BOOKMARK [3][-]{subsubsection.2.3.1}{\376\377\000S\000t\000a\000t\000e\000\040\000v\000e\000c\000t\000o\000r\000s}{subsection.2.3}% 10
\BOOKMARK [3][-]{subsubsection.2.3.2}{\376\377\000T\000h\000e\000\040\000B\000l\000o\000c\000h\000\040\000s\000p\000h\000e\000r\000e}{subsection.2.3}% 11
\BOOKMARK [1][-]{section.3}{\376\377\000O\000n\000e\000\040\000q\000u\000b\000i\000t\000\040\000s\000y\000s\000t\000e\000m\000s}{}% 12
\BOOKMARK [2][-]{subsection.3.1}{\376\377\000I\000n\000t\000r\000o\000d\000u\000c\000t\000i\000o\000n\000\040\000t\000o\000\040\000q\000u\000a\000n\000t\000u\000m\000\040\000g\000a\000t\000e\000s}{section.3}% 13
\BOOKMARK [2][-]{subsection.3.2}{\376\377\000S\000o\000m\000e\000\040\000e\000x\000a\000m\000p\000l\000e\000s\000\040\000o\000f\000\040\000o\000n\000e\000\040\000q\000u\000b\000i\000t\000\040\000g\000a\000t\000e\000s}{section.3}% 14
\BOOKMARK [2][-]{subsection.3.3}{\376\377\000O\000n\000e\000\040\000q\000u\000b\000i\000t\000\040\000i\000n\000t\000e\000r\000f\000e\000r\000e\000n\000c\000e}{section.3}% 15
\BOOKMARK [2][-]{subsection.3.4}{\376\377\000i\000n\000t\000r\000o\000d\000u\000c\000t\000i\000o\000n\000\040\000t\000o\000\040\000q\000u\000a\000n\000t\000u\000m\000\040\000u\000n\000i\000v\000e\000r\000s\000a\000l\000i\000t\000y}{section.3}% 16
\BOOKMARK [1][-]{section.4}{\376\377\000M\000a\000n\000y\000\040\000q\000u\000b\000i\000t\000s\000\040\000s\000y\000s\000t\000e\000m\000s}{}% 17
\BOOKMARK [2][-]{subsection.4.1}{\376\377\000M\000a\000n\000y\000\040\000q\000u\000b\000i\000t\000s\000\040\000g\000a\000t\000e\000s}{section.4}% 18
\BOOKMARK [2][-]{subsection.4.2}{\376\377\000Q\000u\000a\000n\000t\000u\000m\000\040\000e\000n\000t\000a\000n\000g\000l\000e\000m\000e\000n\000t}{section.4}% 19
\BOOKMARK [2][-]{subsection.4.3}{\376\377\000U\000n\000i\000v\000e\000r\000s\000a\000l\000i\000t\000y\000\040\000f\000o\000r\000\040\000m\000u\000l\000t\000i\000p\000l\000e\000\040\000q\000u\000b\000i\000t\000s}{section.4}% 20
\BOOKMARK [1][-]{section.5}{\376\377\000R\000e\000p\000r\000e\000s\000e\000n\000t\000i\000n\000g\000\040\000u\000n\000c\000e\000r\000t\000a\000i\000n\000t\000y}{}% 21
\BOOKMARK [2][-]{subsection.5.1}{\376\377\000E\000r\000r\000o\000r\000s\000\040\000g\000e\000n\000e\000r\000a\000t\000e\000\040\000u\000n\000c\000e\000r\000t\000a\000i\000n\000t\000y}{section.5}% 22
\BOOKMARK [2][-]{subsection.5.2}{\376\377\000U\000n\000c\000e\000r\000t\000a\000i\000n\000t\000y\000\040\000i\000n\000\040\000q\000u\000a\000n\000t\000u\000m\000\040\000s\000t\000a\000t\000e\000s}{section.5}% 23
\BOOKMARK [3][-]{subsubsection.5.2.1}{\376\377\000E\000n\000s\000e\000m\000b\000l\000e\000s\000\040\000o\000f\000\040\000s\000t\000a\000t\000e\000s}{subsection.5.2}% 24
\BOOKMARK [3][-]{subsubsection.5.2.2}{\376\377\000F\000r\000o\000m\000\040\000s\000y\000s\000t\000e\000m\000\040\000t\000o\000\040\000s\000u\000b\000s\000y\000s\000t\000e\000m}{subsection.5.2}% 25
\BOOKMARK [3][-]{subsubsection.5.2.3}{\376\377\000T\000h\000e\000\040\000B\000l\000o\000c\000h\000\040\000b\000a\000l\000l}{subsection.5.2}% 26
\BOOKMARK [2][-]{subsection.5.3}{\376\377\000U\000n\000c\000e\000r\000t\000a\000i\000n\000t\000y\000\040\000i\000n\000\040\000q\000u\000a\000n\000t\000u\000m\000\040\000t\000r\000a\000n\000s\000f\000o\000r\000m\000a\000t\000i\000o\000n\000s}{section.5}% 27
\BOOKMARK [3][-]{subsubsection.5.3.1}{\376\377\000S\000y\000s\000t\000e\000m\000\040\000e\000n\000v\000i\000r\000o\000n\000m\000e\000n\000t\000\040\000i\000n\000t\000e\000r\000a\000c\000t\000i\000o\000n}{subsection.5.3}% 28
\BOOKMARK [3][-]{subsubsection.5.3.2}{\376\377\000T\000h\000e\000\040\000O\000p\000e\000r\000a\000t\000o\000r\000\040\000s\000u\000m\000\040\000r\000e\000p\000r\000e\000s\000e\000n\000t\000a\000t\000i\000o\000n}{subsection.5.3}% 29
\BOOKMARK [3][-]{subsubsection.5.3.3}{\376\377\000U\000n\000i\000t\000a\000r\000y\000\040\000f\000r\000e\000e\000d\000o\000m\000\040\000i\000n\000\040\000t\000h\000e\000\040\000o\000p\000e\000r\000a\000t\000o\000r\000\040\000s\000u\000m\000\040\000r\000e\000p\000r\000e\000s\000e\000n\000t\000a\000t\000i\000o\000n}{subsection.5.3}% 30
\BOOKMARK [3][-]{subsubsection.5.3.4}{\376\377\000C\000o\000m\000m\000o\000n\000\040\000q\000u\000a\000n\000t\000u\000m\000\040\000c\000h\000a\000n\000n\000e\000l\000s}{subsection.5.3}% 31
\BOOKMARK [1][-]{section.6}{\376\377\000M\000e\000a\000s\000u\000r\000i\000n\000g\000\040\000e\000r\000r\000o\000r\000s}{}% 32
\BOOKMARK [2][-]{subsection.6.1}{\376\377\000T\000h\000e\000\040\000i\000m\000p\000o\000r\000t\000a\000n\000c\000e\000\040\000o\000f\000\040\000d\000i\000s\000t\000a\000n\000c\000e\000\040\000m\000e\000a\000s\000u\000r\000e\000s}{section.6}% 33
\BOOKMARK [2][-]{subsection.6.2}{\376\377\000S\000t\000a\000t\000i\000c\000\040\000d\000i\000s\000t\000a\000n\000c\000e\000\040\000m\000e\000a\000s\000u\000r\000e\000s}{section.6}% 34
\BOOKMARK [2][-]{subsection.6.3}{\376\377\000D\000y\000n\000a\000m\000i\000c\000\040\000d\000i\000s\000t\000a\000n\000c\000e\000\040\000m\000e\000a\000s\000u\000r\000e\000s}{section.6}% 35
\BOOKMARK [1][-]{section.7}{\376\377\000C\000o\000r\000r\000e\000c\000t\000i\000n\000g\000\040\000e\000r\000r\000o\000r\000s}{}% 36
\BOOKMARK [2][-]{subsection.7.1}{\376\377\000B\000r\000i\000e\000f\000\040\000i\000n\000t\000r\000o\000d\000u\000c\000t\000i\000o\000n\000\040\000t\000o\000\040\000c\000l\000a\000s\000s\000i\000c\000a\000l\000\040\000e\000r\000r\000o\000r\000\040\000c\000o\000r\000r\000e\000c\000t\000i\000o\000n}{section.7}% 37
\BOOKMARK [2][-]{subsection.7.2}{\376\377\000Q\000u\000a\000n\000t\000u\000m\000\040\000c\000o\000d\000i\000n\000g\000\040\000t\000h\000e\000o\000r\000y}{section.7}% 38
\BOOKMARK [3][-]{subsubsection.7.2.1}{\376\377\000d\000i\000f\000f\000e\000r\000e\000n\000c\000e\000s\000\040\000w\000i\000t\000h\000\040\000t\000h\000e\000\040\000c\000l\000a\000s\000s\000i\000c\000a\000l\000\040\000c\000a\000s\000e}{subsection.7.2}% 39
\BOOKMARK [3][-]{subsubsection.7.2.2}{\376\377\000E\000n\000t\000r\000a\000n\000g\000l\000e\000m\000e\000n\000t\000\040\000i\000n\000s\000t\000e\000a\000d\000\040\000o\000f\000\040\000c\000l\000o\000n\000i\000n\000g}{subsection.7.2}% 40
\BOOKMARK [3][-]{subsubsection.7.2.3}{\376\377\000S\000y\000n\000d\000r\000o\000m\000e\000\040\000m\000e\000a\000s\000u\000r\000e\000m\000e\000n\000t\000s}{subsection.7.2}% 41
\BOOKMARK [3][-]{subsubsection.7.2.4}{\376\377\000F\000i\000n\000i\000t\000e\000\040\000e\000r\000r\000o\000r\000\040\000s\000y\000n\000d\000r\000o\000m\000e\000s}{subsection.7.2}% 42
\BOOKMARK [2][-]{subsection.7.3}{\376\377\000S\000o\000m\000e\000\040\000e\000x\000a\000m\000p\000l\000e\000s\000\040\000o\000f\000\040\000q\000u\000a\000n\000t\000u\000m\000\040\000c\000o\000d\000e\000s}{section.7}% 43
\BOOKMARK [3][-]{subsubsection.7.3.1}{\376\377\000Q\000u\000a\000n\000t\000u\000m\000\040\000r\000e\000p\000e\000t\000i\000t\000i\000o\000n\000\040\000c\000o\000d\000e\000s}{subsection.7.3}% 44
\BOOKMARK [3][-]{subsubsection.7.3.2}{\376\377\000T\000h\000e\000\040\000S\000h\000o\000r\000\040\000c\000o\000d\000e}{subsection.7.3}% 45
\BOOKMARK [3][-]{subsubsection.7.3.3}{\376\377\000D\000e\000g\000e\000n\000e\000r\000a\000t\000e\000\040\000c\000o\000d\000e\000s}{subsection.7.3}% 46
\BOOKMARK [3][-]{subsubsection.7.3.4}{\376\377\000C\000S\000S\000\040\000c\000o\000d\000e\000s}{subsection.7.3}% 47
\BOOKMARK [3][-]{subsubsection.7.3.5}{\376\377\000S\000t\000a\000b\000i\000l\000i\000z\000e\000r\000\040\000c\000o\000d\000e\000s}{subsection.7.3}% 48
\BOOKMARK [2][-]{subsection.7.4}{\376\377\000F\000a\000u\000l\000t\000\040\000t\000o\000l\000e\000r\000a\000n\000t\000\040\000q\000u\000a\000n\000t\000u\000m\000\040\000c\000o\000m\000p\000u\000t\000a\000t\000i\000o\000n}{section.7}% 49
